# JRE version: Java(TM) SE Runtime Environment (17.0.2+8) (build 17.0.2+8-LTS-86)
# Java VM: Java HotSpot(TM) 64-Bit Server VM (17.0.2+8-LTS-86, mixed mode, sharing, tiered, compressed oops, compressed class ptrs, g1 gc, bsd-amd64)
GC Precious Log:
 CPUs: 12 total, 12 available
 Memory: 65536M
 Large Page Support: Disabled
 NUMA Support: Disabled
 Compressed Oops: Enabled (Zero based)
 Heap Region Size: 1M
 Heap Min Capacity: 100M
 Heap Initial Capacity: 100M
 Heap Max Capacity: 1G
 Pre-touch: Disabled
 Parallel Workers: 10
 Concurrent Workers: 3
 Concurrent Refinement Workers: 10
 Periodic GC: Disabled
Heap:
 garbage-first heap   total 432128K, used 287700K [0x00000007c0000000, 0x0000000800000000)
  region size 1024K, 106 young (108544K), 3 survivors (3072K)
 Metaspace       used 176345K, committed 177088K, reserved 1204224K
  class space    used 22420K, committed 22784K, reserved 1048576K
GC Heap History (20 events):
Event: 85.036 GC heap before
{Heap before GC invocations=67 (full 0):
 garbage-first heap   total 432128K, used 128439K [0x00000007c0000000, 0x0000000800000000)
  region size 1024K, 21 young (21504K), 3 survivors (3072K)
 Metaspace       used 104681K, committed 105280K, reserved 1146880K
  class space    used 13789K, committed 14016K, reserved 1048576K
}
Event: 85.040 GC heap after
{Heap after GC invocations=68 (full 0):
 garbage-first heap   total 432128K, used 110451K [0x00000007c0000000, 0x0000000800000000)
  region size 1024K, 2 young (2048K), 2 survivors (2048K)
 Metaspace       used 104681K, committed 105280K, reserved 1146880K
  class space    used 13789K, committed 14016K, reserved 1048576K
}
Event: 85.991 GC heap before
{Heap before GC invocations=68 (full 0):
 garbage-first heap   total 432128K, used 370547K [0x00000007c0000000, 0x0000000800000000)
  region size 1024K, 253 young (259072K), 2 survivors (2048K)
 Metaspace       used 121162K, committed 121856K, reserved 1155072K
  class space    used 15799K, committed 16128K, reserved 1048576K
}
Event: 85.998 GC heap after
{Heap after GC invocations=69 (full 0):
 garbage-first heap   total 432128K, used 128745K [0x00000007c0000000, 0x0000000800000000)
  region size 1024K, 16 young (16384K), 16 survivors (16384K)
 Metaspace       used 121162K, committed 121856K, reserved 1155072K
  class space    used 15799K, committed 16128K, reserved 1048576K
}
Event: 86.089 GC heap before
{Heap before GC invocations=69 (full 0):
 garbage-first heap   total 432128K, used 135913K [0x00000007c0000000, 0x0000000800000000)
  region size 1024K, 24 young (24576K), 16 survivors (16384K)
 Metaspace       used 122004K, committed 122688K, reserved 1163264K
  class space    used 15922K, committed 16256K, reserved 1048576K
}
Event: 86.096 GC heap after
{Heap after GC invocations=70 (full 0):
 garbage-first heap   total 432128K, used 130369K [0x00000007c0000000, 0x0000000800000000)
  region size 1024K, 17 young (17408K), 17 survivors (17408K)
 Metaspace       used 122004K, committed 122688K, reserved 1163264K
  class space    used 15922K, committed 16256K, reserved 1048576K
}
Event: 88.431 GC heap before
{Heap before GC invocations=71 (full 0):
 garbage-first heap   total 432128K, used 354625K [0x00000007c0000000, 0x0000000800000000)
  region size 1024K, 236 young (241664K), 17 survivors (17408K)
 Metaspace       used 166369K, committed 167104K, reserved 1196032K
  class space    used 21296K, committed 21632K, reserved 1048576K
}
Event: 88.443 GC heap after
{Heap after GC invocations=72 (full 0):
 garbage-first heap   total 432128K, used 154495K [0x00000007c0000000, 0x0000000800000000)
  region size 1024K, 25 young (25600K), 25 survivors (25600K)
 Metaspace       used 166369K, committed 167104K, reserved 1196032K
  class space    used 21296K, committed 21632K, reserved 1048576K
}
Event: 88.476 GC heap before
{Heap before GC invocations=72 (full 0):
 garbage-first heap   total 432128K, used 155519K [0x00000007c0000000, 0x0000000800000000)
  region size 1024K, 27 young (27648K), 25 survivors (25600K)
 Metaspace       used 167010K, committed 167744K, reserved 1196032K
  class space    used 21377K, committed 21696K, reserved 1048576K
}
Event: 88.483 GC heap after
{Heap after GC invocations=73 (full 0):
 garbage-first heap   total 432128K, used 156400K [0x00000007c0000000, 0x0000000800000000)
  region size 1024K, 3 young (3072K), 3 survivors (3072K)
 Metaspace       used 167010K, committed 167744K, reserved 1196032K
  class space    used 21377K, committed 21696K, reserved 1048576K
}
Event: 129.403 GC heap before
{Heap before GC invocations=73 (full 0):
 garbage-first heap   total 432128K, used 363248K [0x00000007c0000000, 0x0000000800000000)
  region size 1024K, 187 young (191488K), 3 survivors (3072K)
 Metaspace       used 171677K, committed 172480K, reserved 1204224K
  class space    used 21969K, committed 22336K, reserved 1048576K
}
Event: 129.412 GC heap after
{Heap after GC invocations=74 (full 0):
 garbage-first heap   total 432128K, used 186037K [0x00000007c0000000, 0x0000000800000000)
  region size 1024K, 15 young (15360K), 15 survivors (15360K)
 Metaspace       used 171677K, committed 172480K, reserved 1204224K
  class space    used 21969K, committed 22336K, reserved 1048576K
}
Event: 129.413 GC heap before
{Heap before GC invocations=74 (full 0):
 garbage-first heap   total 432128K, used 186037K [0x00000007c0000000, 0x0000000800000000)
  region size 1024K, 16 young (16384K), 15 survivors (15360K)
 Metaspace       used 171678K, committed 172480K, reserved 1204224K
  class space    used 21969K, committed 22336K, reserved 1048576K
}
Event: 129.420 GC heap after
{Heap after GC invocations=75 (full 0):
 garbage-first heap   total 432128K, used 188023K [0x00000007c0000000, 0x0000000800000000)
  region size 1024K, 2 young (2048K), 2 survivors (2048K)
 Metaspace       used 171678K, committed 172480K, reserved 1204224K
  class space    used 21969K, committed 22336K, reserved 1048576K
}
Event: 139.331 GC heap before
{Heap before GC invocations=76 (full 0):
 garbage-first heap   total 432128K, used 274039K [0x00000007c0000000, 0x0000000800000000)
  region size 1024K, 109 young (111616K), 2 survivors (2048K)
 Metaspace       used 174672K, committed 175424K, reserved 1204224K
  class space    used 22301K, committed 22656K, reserved 1048576K
}
Event: 139.344 GC heap after
{Heap after GC invocations=77 (full 0):
 garbage-first heap   total 432128K, used 191217K [0x00000007c0000000, 0x0000000800000000)
  region size 1024K, 14 young (14336K), 14 survivors (14336K)
 Metaspace       used 174672K, committed 175424K, reserved 1204224K
  class space    used 22301K, committed 22656K, reserved 1048576K
}
Event: 139.355 GC heap before
{Heap before GC invocations=77 (full 0):
 garbage-first heap   total 432128K, used 197361K [0x00000007c0000000, 0x0000000800000000)
  region size 1024K, 21 young (21504K), 14 survivors (14336K)
 Metaspace       used 174679K, committed 175424K, reserved 1204224K
  class space    used 22301K, committed 22656K, reserved 1048576K
}
Event: 139.367 GC heap after
{Heap after GC invocations=78 (full 0):
 garbage-first heap   total 432128K, used 175060K [0x00000007c0000000, 0x0000000800000000)
  region size 1024K, 3 young (3072K), 3 survivors (3072K)
 Metaspace       used 174679K, committed 175424K, reserved 1204224K
  class space    used 22301K, committed 22656K, reserved 1048576K
}
Event: 144.965 GC heap before
{Heap before GC invocations=78 (full 0):
 garbage-first heap   total 432128K, used 287700K [0x00000007c0000000, 0x0000000800000000)
  region size 1024K, 114 young (116736K), 3 survivors (3072K)
 Metaspace       used 175970K, committed 176768K, reserved 1204224K
  class space    used 22365K, committed 22720K, reserved 1048576K
}
Event: 144.969 GC heap after
{Heap after GC invocations=79 (full 0):
 garbage-first heap   total 432128K, used 175060K [0x00000007c0000000, 0x0000000800000000)
  region size 1024K, 3 young (3072K), 3 survivors (3072K)
 Metaspace       used 175970K, committed 176768K, reserved 1204224K
  class space    used 22365K, committed 22720K, reserved 1048576K
}

